# JRE version: OpenJDK Runtime Environment (7.0_95) (build 1.7.0_95-b00)
# Java VM: OpenJDK 64-Bit Server VM (24.95-b01 mixed mode linux-amd64 compressed oops)
Heap
 par new generation   total 66816K, used 45231K [0x00000000d0600000, 0x00000000d4e70000, 0x00000000dac60000)
  eden space 59456K,  69% used [0x00000000d0600000, 0x00000000d2e9e518, 0x00000000d4010000)
  from space 7360K,  49% used [0x00000000d4010000, 0x00000000d439d8d0, 0x00000000d4740000)
  to   space 7360K,   0% used [0x00000000d4740000, 0x00000000d4740000, 0x00000000d4e70000)
 concurrent mark-sweep generation total 164980K, used 122093K [0x00000000dac60000, 0x00000000e4d7d000, 0x00000000f0600000)
 concurrent-mark-sweep perm gen total 242924K, used 146927K [0x00000000f0600000, 0x00000000ff33b000, 0x0000000100000000)
GC Heap History (10 events):
Event: 14240,835 GC heap before
{Heap before GC invocations=534 (full 11):
 par new generation   total 66816K, used 61361K [0x00000000d0600000, 0x00000000d4e70000, 0x00000000dac60000)
  eden space 59456K, 100% used [0x00000000d0600000, 0x00000000d4010000, 0x00000000d4010000)
  from space 7360K,  25% used [0x00000000d4740000, 0x00000000d491c658, 0x00000000d4e70000)
  to   space 7360K,   0% used [0x00000000d4010000, 0x00000000d4010000, 0x00000000d4740000)
 concurrent mark-sweep generation total 164980K, used 121965K [0x00000000dac60000, 0x00000000e4d7d000, 0x00000000f0600000)
 concurrent-mark-sweep perm gen total 242924K, used 146832K [0x00000000f0600000, 0x00000000ff33b000, 0x0000000100000000)
Event: 14240,840 GC heap after
Heap after GC invocations=535 (full 11):
 par new generation   total 66816K, used 1260K [0x00000000d0600000, 0x00000000d4e70000, 0x00000000dac60000)
  eden space 59456K,   0% used [0x00000000d0600000, 0x00000000d0600000, 0x00000000d4010000)
  from space 7360K,  17% used [0x00000000d4010000, 0x00000000d414b398, 0x00000000d4740000)
  to   space 7360K,   0% used [0x00000000d4740000, 0x00000000d4740000, 0x00000000d4e70000)
 concurrent mark-sweep generation total 164980K, used 121966K [0x00000000dac60000, 0x00000000e4d7d000, 0x00000000f0600000)
 concurrent-mark-sweep perm gen total 242924K, used 146832K [0x00000000f0600000, 0x00000000ff33b000, 0x0000000100000000)
}
Event: 14275,661 GC heap before
{Heap before GC invocations=535 (full 11):
 par new generation   total 66816K, used 60716K [0x00000000d0600000, 0x00000000d4e70000, 0x00000000dac60000)
  eden space 59456K, 100% used [0x00000000d0600000, 0x00000000d4010000, 0x00000000d4010000)
  from space 7360K,  17% used [0x00000000d4010000, 0x00000000d414b398, 0x00000000d4740000)
  to   space 7360K,   0% used [0x00000000d4740000, 0x00000000d4740000, 0x00000000d4e70000)
 concurrent mark-sweep generation total 164980K, used 121966K [0x00000000dac60000, 0x00000000e4d7d000, 0x00000000f0600000)
 concurrent-mark-sweep perm gen total 242924K, used 146874K [0x00000000f0600000, 0x00000000ff33b000, 0x0000000100000000)
Event: 14275,679 GC heap after
Heap after GC invocations=536 (full 11):
 par new generation   total 66816K, used 2268K [0x00000000d0600000, 0x00000000d4e70000, 0x00000000dac60000)
  eden space 59456K,   0% used [0x00000000d0600000, 0x00000000d0600000, 0x00000000d4010000)
  from space 7360K,  30% used [0x00000000d4740000, 0x00000000d4977020, 0x00000000d4e70000)
  to   space 7360K,   0% used [0x00000000d4010000, 0x00000000d4010000, 0x00000000d4740000)
 concurrent mark-sweep generation total 164980K, used 121969K [0x00000000dac60000, 0x00000000e4d7d000, 0x00000000f0600000)
 concurrent-mark-sweep perm gen total 242924K, used 146874K [0x00000000f0600000, 0x00000000ff33b000, 0x0000000100000000)
}
Event: 14303,373 GC heap before
{Heap before GC invocations=536 (full 11):
 par new generation   total 66816K, used 61724K [0x00000000d0600000, 0x00000000d4e70000, 0x00000000dac60000)
  eden space 59456K, 100% used [0x00000000d0600000, 0x00000000d4010000, 0x00000000d4010000)
  from space 7360K,  30% used [0x00000000d4740000, 0x00000000d4977020, 0x00000000d4e70000)
  to   space 7360K,   0% used [0x00000000d4010000, 0x00000000d4010000, 0x00000000d4740000)
 concurrent mark-sweep generation total 164980K, used 121969K [0x00000000dac60000, 0x00000000e4d7d000, 0x00000000f0600000)
 concurrent-mark-sweep perm gen total 242924K, used 146875K [0x00000000f0600000, 0x00000000ff33b000, 0x0000000100000000)
Event: 14303,391 GC heap after
Heap after GC invocations=537 (full 11):
 par new generation   total 66816K, used 1684K [0x00000000d0600000, 0x00000000d4e70000, 0x00000000dac60000)
  eden space 59456K,   0% used [0x00000000d0600000, 0x00000000d0600000, 0x00000000d4010000)
  from space 7360K,  22% used [0x00000000d4010000, 0x00000000d41b52d0, 0x00000000d4740000)
  to   space 7360K,   0% used [0x00000000d4740000, 0x00000000d4740000, 0x00000000d4e70000)
 concurrent mark-sweep generation total 164980K, used 121970K [0x00000000dac60000, 0x00000000e4d7d000, 0x00000000f0600000)
 concurrent-mark-sweep perm gen total 242924K, used 146875K [0x00000000f0600000, 0x00000000ff33b000, 0x0000000100000000)
}
Event: 14308,400 GC heap before
{Heap before GC invocations=537 (full 11):
 par new generation   total 66816K, used 61140K [0x00000000d0600000, 0x00000000d4e70000, 0x00000000dac60000)
  eden space 59456K, 100% used [0x00000000d0600000, 0x00000000d4010000, 0x00000000d4010000)
  from space 7360K,  22% used [0x00000000d4010000, 0x00000000d41b52d0, 0x00000000d4740000)
  to   space 7360K,   0% used [0x00000000d4740000, 0x00000000d4740000, 0x00000000d4e70000)
 concurrent mark-sweep generation total 164980K, used 121970K [0x00000000dac60000, 0x00000000e4d7d000, 0x00000000f0600000)
 concurrent-mark-sweep perm gen total 242924K, used 146875K [0x00000000f0600000, 0x00000000ff33b000, 0x0000000100000000)
Event: 14308,411 GC heap after
Heap after GC invocations=538 (full 11):
 par new generation   total 66816K, used 1463K [0x00000000d0600000, 0x00000000d4e70000, 0x00000000dac60000)
  eden space 59456K,   0% used [0x00000000d0600000, 0x00000000d0600000, 0x00000000d4010000)
  from space 7360K,  19% used [0x00000000d4740000, 0x00000000d48ade90, 0x00000000d4e70000)
  to   space 7360K,   0% used [0x00000000d4010000, 0x00000000d4010000, 0x00000000d4740000)
 concurrent mark-sweep generation total 164980K, used 121970K [0x00000000dac60000, 0x00000000e4d7d000, 0x00000000f0600000)
 concurrent-mark-sweep perm gen total 242924K, used 146875K [0x00000000f0600000, 0x00000000ff33b000, 0x0000000100000000)
}
Event: 14350,287 GC heap before
{Heap before GC invocations=538 (full 11):
 par new generation   total 66816K, used 60919K [0x00000000d0600000, 0x00000000d4e70000, 0x00000000dac60000)
  eden space 59456K, 100% used [0x00000000d0600000, 0x00000000d4010000, 0x00000000d4010000)
  from space 7360K,  19% used [0x00000000d4740000, 0x00000000d48ade90, 0x00000000d4e70000)
  to   space 7360K,   0% used [0x00000000d4010000, 0x00000000d4010000, 0x00000000d4740000)
 concurrent mark-sweep generation total 164980K, used 121970K [0x00000000dac60000, 0x00000000e4d7d000, 0x00000000f0600000)
 concurrent-mark-sweep perm gen total 242924K, used 146918K [0x00000000f0600000, 0x00000000ff33b000, 0x0000000100000000)
Event: 14350,419 GC heap after
Heap after GC invocations=539 (full 11):
 par new generation   total 66816K, used 3638K [0x00000000d0600000, 0x00000000d4e70000, 0x00000000dac60000)
  eden space 59456K,   0% used [0x00000000d0600000, 0x00000000d0600000, 0x00000000d4010000)
  from space 7360K,  49% used [0x00000000d4010000, 0x00000000d439d8d0, 0x00000000d4740000)
  to   space 7360K,   0% used [0x00000000d4740000, 0x00000000d4740000, 0x00000000d4e70000)
 concurrent mark-sweep generation total 164980K, used 122093K [0x00000000dac60000, 0x00000000e4d7d000, 0x00000000f0600000)
 concurrent-mark-sweep perm gen total 242924K, used 146918K [0x00000000f0600000, 0x00000000ff33b000, 0x0000000100000000)
}

